2025-09-23 15:52:04 - root - INFO - [logging_config.py:51] - Logging configurado. Arquivo: C:\Users\Pedro Diniz\Documents\CadVision\CadVision_app\backend\logs\cadvision_20250923_155200.log
2025-09-23 15:52:04 - app - INFO - [logging_config.py:68] - EVENT: startup - DATA: {'timestamp': '2025-09-23T15:52:04.257552', 'service': 'app', 'event': 'startup', 'data': {'version': '1.1.0'}}
2025-09-23 15:52:04 - app.database - INFO - [database.py:175] - Banco de dados inicializado com sucesso (com novo schema).
2025-09-23 15:52:04 - app - INFO - [logging_config.py:68] - EVENT: database_initialized - DATA: {'timestamp': '2025-09-23T15:52:04.260552', 'service': 'app', 'event': 'database_initialized', 'data': {}}
2025-09-23 15:52:20 - vision/identify - INFO - [logging_config.py:68] - EVENT: process_started - DATA: {'timestamp': '2025-09-23T15:52:20.468388', 'service': 'vision/identify', 'event': 'process_started', 'data': {'vertical': 'supermercado', 'tag_image': 'arroz2.png', 'product_image': None}}
2025-09-23 15:52:20 - vision/identify - INFO - [logging_config.py:68] - EVENT: text_extraction_start - DATA: {'timestamp': '2025-09-23T15:52:20.468942', 'service': 'vision/identify', 'event': 'text_extraction_start', 'data': {'hash': '44a30420041f34c214d9152407d5491a'}}
2025-09-23 15:52:22 - app.services.vision_service - INFO - [vision_service.py:149] - Vision API: Texto extraído (238 chars), Logos: 0, Labels: 8
2025-09-23 15:52:22 - vision/identify - INFO - [logging_config.py:68] - EVENT: intelligent_analysis_start - DATA: {'timestamp': '2025-09-23T15:52:22.829505', 'service': 'vision/identify', 'event': 'intelligent_analysis_start', 'data': {'vertical': 'supermercado'}}
2025-09-23 15:52:22 - product_analysis - INFO - [logging_config.py:68] - EVENT: pipeline_started - DATA: {'timestamp': '2025-09-23T15:52:22.829505', 'service': 'product_analysis', 'event': 'pipeline_started', 'data': {'vertical': 'supermercado'}}
2025-09-23 15:52:22 - product_analysis - INFO - [logging_config.py:68] - EVENT: attempting_strategy - DATA: {'timestamp': '2025-09-23T15:52:22.830507', 'service': 'product_analysis', 'event': 'attempting_strategy', 'data': {'strategy': 'AI_INFERENCE'}}
2025-09-23 15:52:22 - advanced_inference - INFO - [logging_config.py:68] - EVENT: processing_started - DATA: {'timestamp': '2025-09-23T15:52:22.830507', 'service': 'advanced_inference', 'event': 'processing_started', 'data': {'vertical': 'supermercado'}}
2025-09-23 15:52:24 - advanced_inference - INFO - [logging_config.py:68] - EVENT: processing_completed - DATA: {'timestamp': '2025-09-23T15:52:24.643510', 'service': 'advanced_inference', 'event': 'processing_completed', 'data': {'title': 'Arroz Tipo 1 1Kg', 'gtin': '7896006700108', 'processing_time': 1.81}}
2025-09-23 15:52:24 - product_analysis - INFO - [logging_config.py:68] - EVENT: pipeline_completed - DATA: {'timestamp': '2025-09-23T15:52:24.644524', 'service': 'product_analysis', 'event': 'pipeline_completed', 'data': {'source_strategy': 'AI_INFERENCE', 'processing_time_seconds': 1.82, 'processed_at': '2025-09-23T15:52:24.644524', 'confidence': 0.85}}
2025-09-23 15:52:51 - vision/identify - INFO - [logging_config.py:68] - EVENT: process_started - DATA: {'timestamp': '2025-09-23T15:52:51.768877', 'service': 'vision/identify', 'event': 'process_started', 'data': {'vertical': 'supermercado', 'tag_image': 'Imagem do WhatsApp de 2025-09-18 à(s) 17.35.31_43df112f.jpg', 'product_image': None}}
2025-09-23 15:52:51 - vision/identify - INFO - [logging_config.py:68] - EVENT: text_extraction_start - DATA: {'timestamp': '2025-09-23T15:52:51.768877', 'service': 'vision/identify', 'event': 'text_extraction_start', 'data': {'hash': '9bb1516d4f8c2209c62d366630cfc6bb'}}
2025-09-23 15:52:53 - app.services.vision_service - INFO - [vision_service.py:149] - Vision API: Texto extraído (87 chars), Logos: 0, Labels: 8
2025-09-23 15:52:53 - vision/identify - INFO - [logging_config.py:68] - EVENT: intelligent_analysis_start - DATA: {'timestamp': '2025-09-23T15:52:53.826735', 'service': 'vision/identify', 'event': 'intelligent_analysis_start', 'data': {'vertical': 'supermercado'}}
2025-09-23 15:52:53 - product_analysis - INFO - [logging_config.py:68] - EVENT: pipeline_started - DATA: {'timestamp': '2025-09-23T15:52:53.826735', 'service': 'product_analysis', 'event': 'pipeline_started', 'data': {'vertical': 'supermercado'}}
2025-09-23 15:52:53 - product_analysis - INFO - [logging_config.py:68] - EVENT: attempting_strategy - DATA: {'timestamp': '2025-09-23T15:52:53.827753', 'service': 'product_analysis', 'event': 'attempting_strategy', 'data': {'strategy': 'AI_INFERENCE'}}
2025-09-23 15:52:53 - advanced_inference - INFO - [logging_config.py:68] - EVENT: processing_started - DATA: {'timestamp': '2025-09-23T15:52:53.827753', 'service': 'advanced_inference', 'event': 'processing_started', 'data': {'vertical': 'supermercado'}}
2025-09-23 15:52:55 - advanced_inference - INFO - [logging_config.py:68] - EVENT: processing_completed - DATA: {'timestamp': '2025-09-23T15:52:55.271736', 'service': 'advanced_inference', 'event': 'processing_completed', 'data': {'title': 'Produto Não Identificado', 'gtin': '7896022200534', 'processing_time': 1.44}}
2025-09-23 15:52:55 - product_analysis - INFO - [logging_config.py:68] - EVENT: attempting_strategy - DATA: {'timestamp': '2025-09-23T15:52:55.271736', 'service': 'product_analysis', 'event': 'attempting_strategy', 'data': {'strategy': 'GTIN_LOOKUP'}}
2025-09-23 15:53:00 - app.services.cosmos_service - INFO - [cosmos_service.py:72] - 📦 Dados formatados do Cosmos: {'gtin': '7896022200534', 'title': 'MACARRÃO DE SÊMOLA PARAFUSO GALO PACOTE 500G', 'brand': 'SELMI', 'category': '', 'ncm': '19021900', 'cest': '', 'confidence': 0.99, 'vertical': 'supermercado'}
2025-09-23 15:53:00 - product_analysis - INFO - [logging_config.py:68] - EVENT: pipeline_completed - DATA: {'timestamp': '2025-09-23T15:53:00.559703', 'service': 'product_analysis', 'event': 'pipeline_completed', 'data': {'source_strategy': 'GTIN_LOOKUP_MERGED', 'processing_time_seconds': 6.73, 'processed_at': '2025-09-23T15:53:00.559703', 'confidence': 0.99}}
2025-09-23 15:55:38 - vision/identify - INFO - [logging_config.py:68] - EVENT: process_started - DATA: {'timestamp': '2025-09-23T15:55:38.150246', 'service': 'vision/identify', 'event': 'process_started', 'data': {'vertical': 'supermercado', 'tag_image': 'Imagem do WhatsApp de 2025-09-21 à(s) 16.55.18_f0d95880.jpg', 'product_image': None}}
2025-09-23 15:55:38 - vision/identify - INFO - [logging_config.py:68] - EVENT: text_extraction_start - DATA: {'timestamp': '2025-09-23T15:55:38.151263', 'service': 'vision/identify', 'event': 'text_extraction_start', 'data': {'hash': '38ceac3abdacce8a3823a368661fbcb4'}}
2025-09-23 15:55:40 - app.services.vision_service - INFO - [vision_service.py:149] - Vision API: Texto extraído (217 chars), Logos: 1, Labels: 5
2025-09-23 15:55:40 - vision/identify - INFO - [logging_config.py:68] - EVENT: intelligent_analysis_start - DATA: {'timestamp': '2025-09-23T15:55:40.298770', 'service': 'vision/identify', 'event': 'intelligent_analysis_start', 'data': {'vertical': 'supermercado'}}
2025-09-23 15:55:40 - product_analysis - INFO - [logging_config.py:68] - EVENT: pipeline_started - DATA: {'timestamp': '2025-09-23T15:55:40.298770', 'service': 'product_analysis', 'event': 'pipeline_started', 'data': {'vertical': 'supermercado'}}
2025-09-23 15:55:40 - product_analysis - INFO - [logging_config.py:68] - EVENT: attempting_strategy - DATA: {'timestamp': '2025-09-23T15:55:40.299771', 'service': 'product_analysis', 'event': 'attempting_strategy', 'data': {'strategy': 'AI_INFERENCE'}}
2025-09-23 15:55:40 - advanced_inference - INFO - [logging_config.py:68] - EVENT: processing_started - DATA: {'timestamp': '2025-09-23T15:55:40.299771', 'service': 'advanced_inference', 'event': 'processing_started', 'data': {'vertical': 'supermercado'}}
2025-09-23 15:55:42 - advanced_inference - INFO - [logging_config.py:68] - EVENT: processing_completed - DATA: {'timestamp': '2025-09-23T15:55:42.735860', 'service': 'advanced_inference', 'event': 'processing_completed', 'data': {'title': 'Kitkat Chocolate Ao Leite 41,5G', 'gtin': '7622210433899', 'processing_time': 2.44}}
2025-09-23 15:55:42 - product_analysis - INFO - [logging_config.py:68] - EVENT: pipeline_completed - DATA: {'timestamp': '2025-09-23T15:55:42.735860', 'service': 'product_analysis', 'event': 'pipeline_completed', 'data': {'source_strategy': 'AI_INFERENCE', 'processing_time_seconds': 2.44, 'processed_at': '2025-09-23T15:55:42.735860', 'confidence': 0.85}}
2025-09-23 16:01:24 - app - INFO - [logging_config.py:68] - EVENT: shutdown - DATA: {'timestamp': '2025-09-23T16:01:24.003905', 'service': 'app', 'event': 'shutdown', 'data': {}}
2025-09-23 16:01:24 - main - INFO - [main.py:48] - Encerrando aplicação CadVision API.
