2025-09-23 15:30:18 - root - INFO - [logging_config.py:51] - Logging configurado. Arquivo: C:\Users\Pedro Diniz\Documents\CadVision\CadVision_app\backend\logs\cadvision_20250923_153014.log
2025-09-23 15:30:18 - app - INFO - [logging_config.py:68] - EVENT: startup - DATA: {'timestamp': '2025-09-23T15:30:18.718466', 'service': 'app', 'event': 'startup', 'data': {'version': '1.1.0'}}
2025-09-23 15:30:18 - app.database - INFO - [database.py:175] - Banco de dados inicializado com sucesso (com novo schema).
2025-09-23 15:30:18 - app - INFO - [logging_config.py:68] - EVENT: database_initialized - DATA: {'timestamp': '2025-09-23T15:30:18.721465', 'service': 'app', 'event': 'database_initialized', 'data': {}}
2025-09-23 15:30:58 - vision/identify - INFO - [logging_config.py:68] - EVENT: process_started - DATA: {'timestamp': '2025-09-23T15:30:58.158959', 'service': 'vision/identify', 'event': 'process_started', 'data': {'vertical': 'supermercado', 'tag_image': 'arroz2.png', 'product_image': None}}
2025-09-23 15:30:58 - vision/identify - INFO - [logging_config.py:68] - EVENT: text_extraction_start - DATA: {'timestamp': '2025-09-23T15:30:58.159942', 'service': 'vision/identify', 'event': 'text_extraction_start', 'data': {'hash': '44a30420041f34c214d9152407d5491a'}}
2025-09-23 15:31:01 - app.services.vision_service - INFO - [vision_service.py:149] - Vision API: Texto extraído (238 chars), Logos: 0, Labels: 8
2025-09-23 15:31:01 - vision/identify - INFO - [logging_config.py:68] - EVENT: intelligent_analysis_start - DATA: {'timestamp': '2025-09-23T15:31:01.157829', 'service': 'vision/identify', 'event': 'intelligent_analysis_start', 'data': {'vertical': 'supermercado'}}
2025-09-23 15:31:01 - product_analysis - INFO - [logging_config.py:68] - EVENT: pipeline_started - DATA: {'timestamp': '2025-09-23T15:31:01.158828', 'service': 'product_analysis', 'event': 'pipeline_started', 'data': {'vertical': 'supermercado', 'ocr_text_length': 238}}
2025-09-23 15:31:01 - product_analysis - INFO - [logging_config.py:68] - EVENT: attempting_strategy - DATA: {'timestamp': '2025-09-23T15:31:01.158828', 'service': 'product_analysis', 'event': 'attempting_strategy', 'data': {'strategy': 'AI_INFERENCE'}}
2025-09-23 15:31:01 - inference_start - INFO - [logging_config.py:68] - EVENT: processing_started - DATA: {'timestamp': '2025-09-23T15:31:01.158828', 'service': 'inference_start', 'event': 'processing_started', 'data': {'vertical': 'supermercado', 'ocr_length': 238, 'logos_count': 0, 'search_results': 0}}
2025-09-23 15:31:05 - ai_extraction - INFO - [logging_config.py:68] - EVENT: extraction_success - DATA: {'timestamp': '2025-09-23T15:31:05.409193', 'service': 'ai_extraction', 'event': 'extraction_success', 'data': {'title': 'Arroz Tio João 1kg', 'brand': 'Tio João', 'has_gtin': True}}
2025-09-23 15:31:05 - inference_success - INFO - [logging_config.py:68] - EVENT: processing_completed - DATA: {'timestamp': '2025-09-23T15:31:05.409193', 'service': 'inference_success', 'event': 'processing_completed', 'data': {'processing_time_seconds': 4.250365, 'title_extracted': 'Arroz Tio João 1kg', 'brand_extracted': 'Tio João', 'has_gtin': False}}
2025-09-23 15:31:05 - product_analysis - INFO - [logging_config.py:68] - EVENT: pipeline_completed - DATA: {'timestamp': '2025-09-23T15:31:05.409193', 'service': 'product_analysis', 'event': 'pipeline_completed', 'data': {'source_strategy': 'AI_INFERENCE', 'processing_time_seconds': 4.25, 'processed_at': '2025-09-23T15:31:05.409193', 'confidence': 0.95}}
2025-09-23 15:32:06 - vision/identify - INFO - [logging_config.py:68] - EVENT: process_started - DATA: {'timestamp': '2025-09-23T15:32:06.256181', 'service': 'vision/identify', 'event': 'process_started', 'data': {'vertical': 'supermercado', 'tag_image': 'fini.jpeg', 'product_image': None}}
2025-09-23 15:32:06 - vision/identify - INFO - [logging_config.py:68] - EVENT: text_extraction_start - DATA: {'timestamp': '2025-09-23T15:32:06.256181', 'service': 'vision/identify', 'event': 'text_extraction_start', 'data': {'hash': '0006153a382d1c187381397c2c10e0f7'}}
2025-09-23 15:32:07 - app.services.vision_service - INFO - [vision_service.py:149] - Vision API: Texto extraído (21 chars), Logos: 0, Labels: 8
2025-09-23 15:32:07 - vision/identify - INFO - [logging_config.py:68] - EVENT: intelligent_analysis_start - DATA: {'timestamp': '2025-09-23T15:32:07.893816', 'service': 'vision/identify', 'event': 'intelligent_analysis_start', 'data': {'vertical': 'supermercado'}}
2025-09-23 15:32:07 - product_analysis - INFO - [logging_config.py:68] - EVENT: pipeline_started - DATA: {'timestamp': '2025-09-23T15:32:07.893816', 'service': 'product_analysis', 'event': 'pipeline_started', 'data': {'vertical': 'supermercado', 'ocr_text_length': 21}}
2025-09-23 15:32:07 - product_analysis - INFO - [logging_config.py:68] - EVENT: attempting_strategy - DATA: {'timestamp': '2025-09-23T15:32:07.894817', 'service': 'product_analysis', 'event': 'attempting_strategy', 'data': {'strategy': 'AI_INFERENCE'}}
2025-09-23 15:32:07 - inference_start - INFO - [logging_config.py:68] - EVENT: processing_started - DATA: {'timestamp': '2025-09-23T15:32:07.894817', 'service': 'inference_start', 'event': 'processing_started', 'data': {'vertical': 'supermercado', 'ocr_length': 21, 'logos_count': 0, 'search_results': 0}}
2025-09-23 15:32:09 - ai_extraction - INFO - [logging_config.py:68] - EVENT: extraction_success - DATA: {'timestamp': '2025-09-23T15:32:09.752966', 'service': 'ai_extraction', 'event': 'extraction_success', 'data': {'title': 'Fini Gelatinas Beijos', 'brand': 'Fini', 'has_gtin': True}}
2025-09-23 15:32:09 - inference_success - INFO - [logging_config.py:68] - EVENT: processing_completed - DATA: {'timestamp': '2025-09-23T15:32:09.752966', 'service': 'inference_success', 'event': 'processing_completed', 'data': {'processing_time_seconds': 1.858149, 'title_extracted': 'Fini Gelatinas Beijos', 'brand_extracted': 'Fini', 'has_gtin': False}}
2025-09-23 15:32:09 - product_analysis - INFO - [logging_config.py:68] - EVENT: pipeline_completed - DATA: {'timestamp': '2025-09-23T15:32:09.753985', 'service': 'product_analysis', 'event': 'pipeline_completed', 'data': {'source_strategy': 'AI_INFERENCE', 'processing_time_seconds': 1.86, 'processed_at': '2025-09-23T15:32:09.753985', 'confidence': 0.95}}
2025-09-23 15:34:40 - vision/identify - INFO - [logging_config.py:68] - EVENT: process_started - DATA: {'timestamp': '2025-09-23T15:34:40.187508', 'service': 'vision/identify', 'event': 'process_started', 'data': {'vertical': 'supermercado', 'tag_image': 'Imagem do WhatsApp de 2025-09-18 à(s) 17.35.31_e0a0bdd0.jpg', 'product_image': None}}
2025-09-23 15:34:40 - vision/identify - INFO - [logging_config.py:68] - EVENT: text_extraction_start - DATA: {'timestamp': '2025-09-23T15:34:40.187508', 'service': 'vision/identify', 'event': 'text_extraction_start', 'data': {'hash': '3ea946f695f7d76455c7257b3c61e7b9'}}
2025-09-23 15:34:42 - app.services.vision_service - INFO - [vision_service.py:149] - Vision API: Texto extraído (20 chars), Logos: 0, Labels: 2
2025-09-23 15:34:42 - vision/identify - INFO - [logging_config.py:68] - EVENT: intelligent_analysis_start - DATA: {'timestamp': '2025-09-23T15:34:42.514261', 'service': 'vision/identify', 'event': 'intelligent_analysis_start', 'data': {'vertical': 'supermercado'}}
2025-09-23 15:34:42 - product_analysis - INFO - [logging_config.py:68] - EVENT: pipeline_started - DATA: {'timestamp': '2025-09-23T15:34:42.515261', 'service': 'product_analysis', 'event': 'pipeline_started', 'data': {'vertical': 'supermercado', 'ocr_text_length': 20}}
2025-09-23 15:34:42 - product_analysis - INFO - [logging_config.py:68] - EVENT: attempting_strategy - DATA: {'timestamp': '2025-09-23T15:34:42.515261', 'service': 'product_analysis', 'event': 'attempting_strategy', 'data': {'strategy': 'AI_INFERENCE'}}
2025-09-23 15:34:42 - inference_start - INFO - [logging_config.py:68] - EVENT: processing_started - DATA: {'timestamp': '2025-09-23T15:34:42.515261', 'service': 'inference_start', 'event': 'processing_started', 'data': {'vertical': 'supermercado', 'ocr_length': 20, 'logos_count': 0, 'search_results': 0}}
2025-09-23 15:34:44 - ai_extraction - INFO - [logging_config.py:68] - EVENT: extraction_success - DATA: {'timestamp': '2025-09-23T15:34:44.588973', 'service': 'ai_extraction', 'event': 'extraction_success', 'data': {'title': None, 'brand': None, 'has_gtin': True}}
2025-09-23 15:34:44 - app.services.advanced_inference_service - INFO - [advanced_inference_service.py:137] - GTIN válido encontrado: 7898055420811
2025-09-23 15:34:44 - inference_error - ERROR - [logging_config.py:70] - EVENT: processing_failed - DATA: {'timestamp': '2025-09-23T15:34:44.589973', 'service': 'inference_error', 'event': 'processing_failed', 'data': {'error': "'NoneType' object has no attribute 'strip'", 'processing_time_seconds': 2.074712}}
2025-09-23 15:34:44 - product_analysis - INFO - [logging_config.py:68] - EVENT: attempting_strategy - DATA: {'timestamp': '2025-09-23T15:34:44.589973', 'service': 'product_analysis', 'event': 'attempting_strategy', 'data': {'strategy': 'RAG_ENRICHMENT'}}
2025-09-23 15:34:44 - app.services.search_service - INFO - [search_service.py:30] - Buscando na web com a query: '78980554208111
a
eld GTIN'
2025-09-23 15:34:45 - app.services.search_service - ERROR - [search_service.py:43] - Erro na chamada da API de busca: 400 Client Error: Bad Request for url: https://www.googleapis.com/customsearch/v1?key=AIzaSyCdd04h0C23skF29bF-wXXDGgg18-7XHGk&cx=f3d209a7af04e43b2&q=78980554208111%0Aa%0Aeld+GTIN&num=3
2025-09-23 15:34:45 - product_analysis - WARNING - [logging_config.py:72] - EVENT: all_strategies_failed - DATA: {'timestamp': '2025-09-23T15:34:45.539992', 'service': 'product_analysis', 'event': 'all_strategies_failed', 'data': {}}
2025-09-23 15:34:45 - product_analysis - INFO - [logging_config.py:68] - EVENT: pipeline_completed - DATA: {'timestamp': '2025-09-23T15:34:45.540990', 'service': 'product_analysis', 'event': 'pipeline_completed', 'data': {'source_strategy': 'fallback', 'processing_time_seconds': 3.03, 'processed_at': '2025-09-23T15:34:45.540990', 'confidence': 0.1}}
2025-09-23 15:36:34 - vision/identify - INFO - [logging_config.py:68] - EVENT: process_started - DATA: {'timestamp': '2025-09-23T15:36:34.924485', 'service': 'vision/identify', 'event': 'process_started', 'data': {'vertical': 'supermercado', 'tag_image': 'Imagem do WhatsApp de 2025-09-17 à(s) 18.48.26_20d1bdb5.jpg', 'product_image': None}}
2025-09-23 15:36:34 - vision/identify - INFO - [logging_config.py:68] - EVENT: text_extraction_start - DATA: {'timestamp': '2025-09-23T15:36:34.924485', 'service': 'vision/identify', 'event': 'text_extraction_start', 'data': {'hash': 'e909fe0f6cb4c1043e03c0e2d2763f0d'}}
2025-09-23 15:36:37 - app.services.vision_service - INFO - [vision_service.py:149] - Vision API: Texto extraído (15 chars), Logos: 0, Labels: 5
2025-09-23 15:36:37 - vision/identify - INFO - [logging_config.py:68] - EVENT: intelligent_analysis_start - DATA: {'timestamp': '2025-09-23T15:36:37.081244', 'service': 'vision/identify', 'event': 'intelligent_analysis_start', 'data': {'vertical': 'supermercado'}}
2025-09-23 15:36:37 - product_analysis - INFO - [logging_config.py:68] - EVENT: pipeline_started - DATA: {'timestamp': '2025-09-23T15:36:37.081244', 'service': 'product_analysis', 'event': 'pipeline_started', 'data': {'vertical': 'supermercado', 'ocr_text_length': 15}}
2025-09-23 15:36:37 - product_analysis - INFO - [logging_config.py:68] - EVENT: attempting_strategy - DATA: {'timestamp': '2025-09-23T15:36:37.082244', 'service': 'product_analysis', 'event': 'attempting_strategy', 'data': {'strategy': 'AI_INFERENCE'}}
2025-09-23 15:36:37 - inference_start - INFO - [logging_config.py:68] - EVENT: processing_started - DATA: {'timestamp': '2025-09-23T15:36:37.082244', 'service': 'inference_start', 'event': 'processing_started', 'data': {'vertical': 'supermercado', 'ocr_length': 15, 'logos_count': 0, 'search_results': 0}}
2025-09-23 15:36:38 - ai_extraction - INFO - [logging_config.py:68] - EVENT: extraction_success - DATA: {'timestamp': '2025-09-23T15:36:38.910505', 'service': 'ai_extraction', 'event': 'extraction_success', 'data': {'title': None, 'brand': None, 'has_gtin': True}}
2025-09-23 15:36:38 - app.services.advanced_inference_service - INFO - [advanced_inference_service.py:137] - GTIN válido encontrado: 7891340365576
2025-09-23 15:36:38 - inference_error - ERROR - [logging_config.py:70] - EVENT: processing_failed - DATA: {'timestamp': '2025-09-23T15:36:38.911525', 'service': 'inference_error', 'event': 'processing_failed', 'data': {'error': "'NoneType' object has no attribute 'strip'", 'processing_time_seconds': 1.829281}}
2025-09-23 15:36:38 - product_analysis - INFO - [logging_config.py:68] - EVENT: attempting_strategy - DATA: {'timestamp': '2025-09-23T15:36:38.911525', 'service': 'product_analysis', 'event': 'attempting_strategy', 'data': {'strategy': 'RAG_ENRICHMENT'}}
2025-09-23 15:36:38 - product_analysis - WARNING - [logging_config.py:72] - EVENT: all_strategies_failed - DATA: {'timestamp': '2025-09-23T15:36:38.911525', 'service': 'product_analysis', 'event': 'all_strategies_failed', 'data': {}}
2025-09-23 15:36:38 - product_analysis - INFO - [logging_config.py:68] - EVENT: pipeline_completed - DATA: {'timestamp': '2025-09-23T15:36:38.911525', 'service': 'product_analysis', 'event': 'pipeline_completed', 'data': {'source_strategy': 'fallback', 'processing_time_seconds': 1.83, 'processed_at': '2025-09-23T15:36:38.911525', 'confidence': 0.1}}
2025-09-23 15:39:54 - vision/identify - INFO - [logging_config.py:68] - EVENT: process_started - DATA: {'timestamp': '2025-09-23T15:39:54.888509', 'service': 'vision/identify', 'event': 'process_started', 'data': {'vertical': 'supermercado', 'tag_image': 'fini.jpeg', 'product_image': None}}
2025-09-23 15:39:54 - vision/identify - INFO - [logging_config.py:68] - EVENT: text_extraction_start - DATA: {'timestamp': '2025-09-23T15:39:54.888509', 'service': 'vision/identify', 'event': 'text_extraction_start', 'data': {'hash': '0006153a382d1c187381397c2c10e0f7'}}
2025-09-23 15:39:56 - app.services.vision_service - INFO - [vision_service.py:149] - Vision API: Texto extraído (21 chars), Logos: 0, Labels: 8
2025-09-23 15:39:56 - vision/identify - INFO - [logging_config.py:68] - EVENT: intelligent_analysis_start - DATA: {'timestamp': '2025-09-23T15:39:56.576379', 'service': 'vision/identify', 'event': 'intelligent_analysis_start', 'data': {'vertical': 'supermercado'}}
2025-09-23 15:39:56 - product_analysis - INFO - [logging_config.py:68] - EVENT: pipeline_started - DATA: {'timestamp': '2025-09-23T15:39:56.577379', 'service': 'product_analysis', 'event': 'pipeline_started', 'data': {'vertical': 'supermercado', 'ocr_text_length': 21}}
2025-09-23 15:39:56 - product_analysis - INFO - [logging_config.py:68] - EVENT: attempting_strategy - DATA: {'timestamp': '2025-09-23T15:39:56.577379', 'service': 'product_analysis', 'event': 'attempting_strategy', 'data': {'strategy': 'AI_INFERENCE'}}
2025-09-23 15:39:56 - inference_start - INFO - [logging_config.py:68] - EVENT: processing_started - DATA: {'timestamp': '2025-09-23T15:39:56.577379', 'service': 'inference_start', 'event': 'processing_started', 'data': {'vertical': 'supermercado', 'ocr_length': 21, 'logos_count': 0, 'search_results': 0}}
2025-09-23 15:39:58 - ai_extraction - INFO - [logging_config.py:68] - EVENT: extraction_success - DATA: {'timestamp': '2025-09-23T15:39:58.409970', 'service': 'ai_extraction', 'event': 'extraction_success', 'data': {'title': 'Fini Gelatinas Beijos', 'brand': 'Fini', 'has_gtin': True}}
2025-09-23 15:39:58 - inference_success - INFO - [logging_config.py:68] - EVENT: processing_completed - DATA: {'timestamp': '2025-09-23T15:39:58.409970', 'service': 'inference_success', 'event': 'processing_completed', 'data': {'processing_time_seconds': 1.832591, 'title_extracted': 'Fini Gelatinas Beijos', 'brand_extracted': 'Fini', 'has_gtin': False}}
2025-09-23 15:39:58 - product_analysis - INFO - [logging_config.py:68] - EVENT: pipeline_completed - DATA: {'timestamp': '2025-09-23T15:39:58.409970', 'service': 'product_analysis', 'event': 'pipeline_completed', 'data': {'source_strategy': 'AI_INFERENCE', 'processing_time_seconds': 1.83, 'processed_at': '2025-09-23T15:39:58.409970', 'confidence': 0.95}}
2025-09-23 15:48:11 - app - INFO - [logging_config.py:68] - EVENT: shutdown - DATA: {'timestamp': '2025-09-23T15:48:11.081671', 'service': 'app', 'event': 'shutdown', 'data': {}}
2025-09-23 15:48:11 - main - INFO - [main.py:48] - Encerrando aplicação CadVision API.
