2025-09-22 23:14:46 - root - INFO - [logging_config.py:51] - Logging configurado. Arquivo: C:\Users\Pedro Diniz\Documents\CadVision\CadVision_app\backend\logs\cadvision_20250922_231442.log
2025-09-22 23:14:47 - app - INFO - [logging_config.py:68] - EVENT: startup - DATA: {'timestamp': '2025-09-22T23:14:47.003573', 'service': 'app', 'event': 'startup', 'data': {'version': '1.1.0'}}
2025-09-22 23:14:47 - app.database - INFO - [database.py:175] - Banco de dados inicializado com sucesso (com novo schema).
2025-09-22 23:14:47 - app - INFO - [logging_config.py:68] - EVENT: database_initialized - DATA: {'timestamp': '2025-09-22T23:14:47.007571', 'service': 'app', 'event': 'database_initialized', 'data': {}}
2025-09-22 23:15:00 - vision/identify - INFO - [logging_config.py:68] - EVENT: process_started - DATA: {'timestamp': '2025-09-22T23:15:00.758500', 'service': 'vision/identify', 'event': 'process_started', 'data': {'vertical': 'vestuario', 'tag_image': 'Imagem do WhatsApp de 2025-09-21 à(s) 16.46.16_17ae13c9.jpg', 'product_image': 'Imagem do WhatsApp de 2025-09-22 à(s) 18.59.39_a2b1167e.jpg'}}
2025-09-22 23:15:00 - vision/identify - INFO - [logging_config.py:68] - EVENT: text_extraction_start - DATA: {'timestamp': '2025-09-22T23:15:00.759499', 'service': 'vision/identify', 'event': 'text_extraction_start', 'data': {'hash': 'b2fc004d6c9b4e068ae9234462176855'}}
2025-09-22 23:15:00 - app.services.vision_service - INFO - [vision_service.py:109] - Imagem aprimorada para OCR.
2025-09-22 23:15:03 - app.services.vision_service - INFO - [vision_service.py:182] - Vision API: Texto extraído (156 chars), Logos: 0, Labels: 0
2025-09-22 23:15:03 - app.services.vision_service - INFO - [vision_service.py:277] - Texto bruto: '100% ALGODÃO
DECOTE: 98% ALGODÃO
2% ELASTANO
FORNECEDOR: 84891
Modelo: 1059827 - T. 20
40
P W
P
日
Cor VERDE CLARO
000000113667090314
SKU: 11366709
PO:288843' -> Texto limpo para análise: '100982848911059827204000000011366709031411366709288843'
2025-09-22 23:15:03 - app.services.vision_service - WARNING - [vision_service.py:298] - Nenhum GTIN válido encontrado no texto limpo: '100982848911059827204000000011366709031411366709288843'
2025-09-22 23:15:03 - vision/identify - INFO - [logging_config.py:68] - EVENT: intelligent_analysis_start - DATA: {'timestamp': '2025-09-22T23:15:03.804709', 'service': 'vision/identify', 'event': 'intelligent_analysis_start', 'data': {'vertical': 'vestuario'}}
2025-09-22 23:15:03 - app.services.product_service - INFO - [product_service.py:89] - Iniciando Etapa 1 (Vertex AI Vector Search).
2025-09-22 23:15:03 - app.services.vector_search_service - INFO - [vector_search_service.py:56] - Gerando embedding via API REST...
2025-09-22 23:15:07 - app.services.vector_search_service - INFO - [vector_search_service.py:62] - Vetor (embedding) da imagem gerado com sucesso via API REST.
2025-09-22 23:15:07 - app.services.vector_search_service - INFO - [vector_search_service.py:125] - Consultando a Vector Search via API REST...
2025-09-22 23:15:08 - app.services.vector_search_service - ERROR - [vector_search_service.py:156] - Erro na chamada REST para consultar a Vector Search: 400 Client Error: Bad Request for url: https://southamerica-east1-aiplatform.googleapis.com/v1/projects/cadvision-app/locations/southamerica-east1/indexEndpoints/117793793162006528:findNeighbors
2025-09-22 23:15:08 - app.services.product_service - INFO - [product_service.py:112] - Busca visual falhou ou não aplicável. Prosseguindo com a análise de texto/GTIN.
2025-09-22 23:15:08 - app.services.product_service - INFO - [product_service.py:126] - Via Rápida falhou ou não aplicável. Iniciando Etapa 3 (Inferência da IA).
2025-09-22 23:15:11 - ai_service - INFO - [logging_config.py:68] - EVENT: json_parsed_successfully - DATA: {'timestamp': '2025-09-22T23:15:11.035476', 'service': 'ai_service', 'event': 'json_parsed_successfully', 'data': {'title_extracted': 'Blusa Feminina Manga Curta', 'brand_extracted': None, 'category_extracted': 'Blusas'}}
2025-09-22 23:15:11 - app.services.advanced_inference_service - WARNING - [advanced_inference_service.py:41] - IA retornou um GTIN inválido ('000000113667090314'). Descartando o valor.
2025-09-22 23:15:11 - app.services.product_service - INFO - [product_service.py:137] - Produto pré-identificado: Blusa Feminina Manga Curta
2025-09-22 23:15:11 - app.services.product_service - INFO - [product_service.py:141] - Iniciando Etapa de Enriquecimento com Busca na Web (RAG).
2025-09-22 23:19:58 - app - INFO - [logging_config.py:68] - EVENT: shutdown - DATA: {'timestamp': '2025-09-22T23:19:58.560724', 'service': 'app', 'event': 'shutdown', 'data': {}}
2025-09-22 23:19:58 - main - INFO - [main.py:48] - Encerrando aplicação CadVision API.
